<?xml version="1.0" encoding="UTF-8"?>
<!-- Generated by org.testng.reporters.JUnitXMLReporter -->
<testsuite hostname="LAPTOP-QBC6F12R" ignored="0" name="Zyto Automation Test" tests="3" failures="3" timestamp="12 Jul 2020 15:19:53 GMT" time="81.914" errors="0">
  <testcase name="@BeforeTest setUp" time="0.0" classname="com.zyto.test.base.ZytoBaseTest">
    <failure type="org.testng.TestNGException" message="
Parameter &amp;apos;browser&amp;apos; is required by BeforeTest on method setUp but has not been marked @Optional or defined
in D:\New folder\ZytoTestAutomation\testng.xml">
      <![CDATA[org.testng.TestNGException: 
Parameter 'browser' is required by BeforeTest on method setUp but has not been marked @Optional or defined
in D:\New folder\ZytoTestAutomation\testng.xml
... Removed 21 stack frames]]>
    </failure>
  </testcase> <!-- @BeforeTest setUp -->
  <testcase name="@AfterTest tearDown" time="0.0" classname="com.zyto.test.base.ZytoBaseTest">
    <skipped/>
  </testcase> <!-- @AfterTest tearDown -->
  <testcase name="Click_On_Create_button" time="0.009" classname="com.zyto.test.TestCases.Create_New_Account_Test">
    <failure type="java.lang.NullPointerException">
      <![CDATA[java.lang.NullPointerException
at org.openqa.selenium.support.pagefactory.DefaultElementLocator.findElement(DefaultElementLocator.java:69)
at org.openqa.selenium.support.pagefactory.internal.LocatingElementHandler.invoke(LocatingElementHandler.java:38)
at com.sun.proxy.$Proxy22.click(Unknown Source)
at com.zyto.test.pages.Signup_Options_page.Click_Signup_btn(Signup_Options_page.java:60)
at com.zyto.test.TestCases.Create_New_Account_Test.Click_On_Create_button(Create_New_Account_Test.java:40)
... Removed 25 stack frames]]>
    </failure>
  </testcase> <!-- Click_On_Create_button -->
  <testcase name="Click_Signin_button" time="0.006" classname="com.zyto.test.TestCases.Create_New_Account_Test">
    <failure type="java.lang.NullPointerException">
      <![CDATA[java.lang.NullPointerException
at org.openqa.selenium.support.pagefactory.DefaultElementLocator.findElement(DefaultElementLocator.java:69)
at org.openqa.selenium.support.pagefactory.internal.LocatingElementHandler.invoke(LocatingElementHandler.java:38)
at com.sun.proxy.$Proxy22.click(Unknown Source)
at com.zyto.test.pages.Signup_Options_page.Click_Sign_In_btn(Signup_Options_page.java:65)
at com.zyto.test.TestCases.Create_New_Account_Test.Click_Signin_button(Create_New_Account_Test.java:47)
... Removed 25 stack frames]]>
    </failure>
  </testcase> <!-- Click_Signin_button -->
  <testcase name="Click_world_icon" time="0.007" classname="com.zyto.test.TestCases.Create_New_Account_Test">
    <failure type="java.lang.NullPointerException">
      <![CDATA[java.lang.NullPointerException
at org.openqa.selenium.support.pagefactory.DefaultElementLocator.findElement(DefaultElementLocator.java:69)
at org.openqa.selenium.support.pagefactory.internal.LocatingElementHandler.invoke(LocatingElementHandler.java:38)
at com.sun.proxy.$Proxy22.click(Unknown Source)
at com.zyto.test.pages.Signup_Options_page.Click_World_icon(Signup_Options_page.java:70)
at com.zyto.test.TestCases.Create_New_Account_Test.Click_world_icon(Create_New_Account_Test.java:54)
... Removed 25 stack frames]]>
    </failure>
  </testcase> <!-- Click_world_icon -->
</testsuite> <!-- Zyto Automation Test -->
