<!DOCTYPE html PUBLIC "-//W3C//DTD XHTML 1.1//EN" "http://www.w3.org/TR/xhtml11/DTD/xhtml11.dtd">
<html xmlns="http://www.w3.org/1999/xhtml">
<head>
<meta http-equiv="content-type" content="text/html; charset=UTF-8"/>
<title>TestNG Report</title>
<style type="text/css">table {margin-bottom:10px;border-collapse:collapse;empty-cells:show}th,td {border:1px solid #009;padding:.25em .5em}th {vertical-align:bottom}td {vertical-align:top}table a {font-weight:bold}.stripe td {background-color: #E6EBF9}.num {text-align:right}.passedodd td {background-color: #3F3}.passedeven td {background-color: #0A0}.skippedodd td {background-color: #DDD}.skippedeven td {background-color: #CCC}.failedodd td,.attn {background-color: #F33}.failedeven td,.stripe .attn {background-color: #D00}.stacktrace {white-space:pre;font-family:monospace}.totop {font-size:85%;text-align:center;border-bottom:2px solid #000}.invisible {display:none}</style>
</head>
<body>
<table>
<tr><th>Test</th><th># Passed</th><th># Skipped</th><th># Failed</th><th>Time (ms)</th><th>Included Groups</th><th>Excluded Groups</th></tr>
<tr><th colspan="7">ZYTO AUTOMATION PARALLEL TEST EXECUTION SUITE</th></tr>
<tr><td><a href="#t0">Zyto Automation  Parallel Test Execution -- chrome</a></td><td class="num">0</td><td class="num">0</td><td class="num attn">1</td><td class="num">68,696</td><td></td><td></td></tr>
<tr class="stripe"><td><a href="#t1">Zyto Automation  Parallel Test Execution -- Firefox</a></td><td class="num">0</td><td class="num">0</td><td class="num attn">1</td><td class="num">69,891</td><td></td><td></td></tr>
<tr><th>Total</th><th class="num">0</th><th class="num">0</th><th class="num attn">2</th><th class="num">138,587</th><th colspan="2"></th></tr>
</table>
<table id='summary'><thead><tr><th>Class</th><th>Method</th><th>Start</th><th>Time (ms)</th></tr></thead><tbody><tr><th colspan="4">ZYTO AUTOMATION PARALLEL TEST EXECUTION SUITE</th></tr></tbody><tbody id="t0"><tr><th colspan="4">Zyto Automation  Parallel Test Execution -- chrome &#8212; failed (configuration methods)</th></tr><tr class="failedeven"><td rowspan="1">com.zyto.test.base.ZytoBaseTest</td><td><a href="#m0">setUp</a></td><td rowspan="1">1596484618349</td><td rowspan="1">12470</td></tr><tr><th colspan="4">Zyto Automation  Parallel Test Execution -- chrome &#8212; failed</th></tr><tr class="failedeven"><td rowspan="1">com.zyto.test.TestCases.Create_New_Account_Test</td><td><a href="#m1">Click_On_Create_button</a></td><td rowspan="1">1596484655810</td><td rowspan="1">29421</td></tr></tbody>
<tbody id="t1"><tr><th colspan="4">Zyto Automation  Parallel Test Execution -- Firefox &#8212; failed (configuration methods)</th></tr><tr class="failedeven"><td rowspan="1">com.zyto.test.base.ZytoBaseTest</td><td><a href="#m2">setUp</a></td><td rowspan="1">1596484687339</td><td rowspan="1">14513</td></tr><tr><th colspan="4">Zyto Automation  Parallel Test Execution -- Firefox &#8212; failed</th></tr><tr class="failedeven"><td rowspan="1">com.zyto.test.TestCases.Create_New_Account_Test</td><td><a href="#m3">Click_On_Create_button</a></td><td rowspan="1">1596484725766</td><td rowspan="1">29506</td></tr></tbody>
</table>
<h2>Zyto Automation  Parallel Test Execution -- chrome</h2><h3 id="m0">com.zyto.test.base.ZytoBaseTest#setUp</h3><table class="result"><tr class="param"><th>Parameter #1</th></tr><tr class="param stripe"><td>chrome</td></tr><tr><th>Exception</th></tr><tr><td><div class="stacktrace">java.lang.IllegalMonitorStateException
	at java.lang.Object.wait(Native Method)
	at com.zyto.test.base.ZytoBaseTest.setUp(ZytoBaseTest.java:38)
... Removed 24 stack frames</div></td></tr></table><p class="totop"><a href="#summary">back to summary</a></p>
<h3 id="m1">com.zyto.test.TestCases.Create_New_Account_Test#Click_On_Create_button</h3><table class="result"><tr><th>Messages</th></tr><tr><td><div class="messages"><a href='D:\Selenium and Java Labs\ZytoTestAutomation\target\surefire-reports\failure_screenshots\Click_On_Create_button_04_08_2020_01_28_05.png'> <img src='D:\Selenium and Java Labs\ZytoTestAutomation\target\surefire-reports\failure_screenshots\Click_On_Create_button_04_08_2020_01_28_05.png' height='100' width='100'/> </a></div></td></tr><tr><th>Exception</th></tr><tr><td><div class="stacktrace">org.openqa.selenium.NoSuchElementException: no such element: Unable to locate element: {&quot;method&quot;:&quot;xpath&quot;,&quot;selector&quot;:&quot;//input[@value=&apos;es&apos;]&quot;}
  (Session info: chrome=84.0.4147.105)
For documentation on this error, please visit: http://seleniumhq.org/exceptions/no_such_element.html
Build info: version: &apos;3.14.0&apos;, revision: &apos;aacccce0&apos;, time: &apos;2018-08-02T20:19:58.91Z&apos;
System info: host: &apos;LAPTOP-QBC6F12R&apos;, ip: &apos;192.168.1.104&apos;, os.name: &apos;Windows 10&apos;, os.arch: &apos;amd64&apos;, os.version: &apos;10.0&apos;, java.version: &apos;1.8.0_172&apos;
Driver info: org.openqa.selenium.chrome.ChromeDriver
Capabilities {acceptInsecureCerts: false, browserName: chrome, browserVersion: 84.0.4147.105, chrome: {chromedriverVersion: 84.0.4147.30 (48b3e868b4cc0..., userDataDir: C:\Users\Naresh\AppData\Loc...}, goog:chromeOptions: {debuggerAddress: localhost:54042}, javascriptEnabled: true, networkConnectionEnabled: false, pageLoadStrategy: normal, platform: WINDOWS, platformName: WINDOWS, proxy: Proxy(), setWindowRect: true, strictFileInteractability: false, timeouts: {implicit: 0, pageLoad: 300000, script: 30000}, unhandledPromptBehavior: dismiss and notify, webauthn:virtualAuthenticators: true}
Session ID: d8102dbbc0afca1cdd4b71af2a8793b1
*** Element info: {Using=xpath, value=//input[@value=&apos;es&apos;]}
	at org.openqa.selenium.remote.http.W3CHttpResponseCodec.createException(W3CHttpResponseCodec.java:187)
	at org.openqa.selenium.remote.http.W3CHttpResponseCodec.decode(W3CHttpResponseCodec.java:122)
	at org.openqa.selenium.remote.http.W3CHttpResponseCodec.decode(W3CHttpResponseCodec.java:49)
	at org.openqa.selenium.remote.HttpCommandExecutor.execute(HttpCommandExecutor.java:164)
	at org.openqa.selenium.remote.service.DriverCommandExecutor.execute(DriverCommandExecutor.java:83)
	at org.openqa.selenium.remote.RemoteWebDriver.execute(RemoteWebDriver.java:601)
	at org.openqa.selenium.remote.RemoteWebDriver.findElement(RemoteWebDriver.java:371)
	at org.openqa.selenium.remote.RemoteWebDriver.findElementByXPath(RemoteWebDriver.java:473)
	at org.openqa.selenium.By$ByXPath.findElement(By.java:353)
	at org.openqa.selenium.remote.RemoteWebDriver.findElement(RemoteWebDriver.java:363)
	at org.openqa.selenium.support.pagefactory.DefaultElementLocator.findElement(DefaultElementLocator.java:69)
	at org.openqa.selenium.support.pagefactory.internal.LocatingElementHandler.invoke(LocatingElementHandler.java:38)
	at com.sun.proxy.$Proxy22.isSelected(Unknown Source)
	at com.zyto.test.pages.Signup_Options_page.Change_Language(Signup_Options_page.java:97)
	at com.zyto.test.TestCases.Create_New_Account_Test.Click_On_Create_button(Create_New_Account_Test.java:92)
	at java.util.concurrent.ThreadPoolExecutor.runWorker(Unknown Source)
	at java.util.concurrent.ThreadPoolExecutor$Worker.run(Unknown Source)
	at java.lang.Thread.run(Unknown Source)
... Removed 14 stack frames</div></td></tr></table><p class="totop"><a href="#summary">back to summary</a></p>
<h2>Zyto Automation  Parallel Test Execution -- Firefox</h2><h3 id="m2">com.zyto.test.base.ZytoBaseTest#setUp</h3><table class="result"><tr class="param"><th>Parameter #1</th></tr><tr class="param stripe"><td>firefox</td></tr><tr><th>Exception</th></tr><tr><td><div class="stacktrace">java.lang.IllegalMonitorStateException
	at java.lang.Object.wait(Native Method)
	at com.zyto.test.base.ZytoBaseTest.setUp(ZytoBaseTest.java:38)
... Removed 24 stack frames</div></td></tr></table><p class="totop"><a href="#summary">back to summary</a></p>
<h3 id="m3">com.zyto.test.TestCases.Create_New_Account_Test#Click_On_Create_button</h3><table class="result"><tr><th>Messages</th></tr><tr><td><div class="messages"><a href='D:\Selenium and Java Labs\ZytoTestAutomation\target\surefire-reports\failure_screenshots\Click_On_Create_button_04_08_2020_01_29_15.png'> <img src='D:\Selenium and Java Labs\ZytoTestAutomation\target\surefire-reports\failure_screenshots\Click_On_Create_button_04_08_2020_01_29_15.png' height='100' width='100'/> </a></div></td></tr><tr><th>Exception</th></tr><tr><td><div class="stacktrace">org.openqa.selenium.NoSuchElementException: no such element: Unable to locate element: {&quot;method&quot;:&quot;xpath&quot;,&quot;selector&quot;:&quot;//input[@value=&apos;es&apos;]&quot;}
  (Session info: chrome=84.0.4147.105)
For documentation on this error, please visit: http://seleniumhq.org/exceptions/no_such_element.html
Build info: version: &apos;3.14.0&apos;, revision: &apos;aacccce0&apos;, time: &apos;2018-08-02T20:19:58.91Z&apos;
System info: host: &apos;LAPTOP-QBC6F12R&apos;, ip: &apos;192.168.1.104&apos;, os.name: &apos;Windows 10&apos;, os.arch: &apos;amd64&apos;, os.version: &apos;10.0&apos;, java.version: &apos;1.8.0_172&apos;
Driver info: org.openqa.selenium.chrome.ChromeDriver
Capabilities {acceptInsecureCerts: false, browserName: chrome, browserVersion: 84.0.4147.105, chrome: {chromedriverVersion: 84.0.4147.30 (48b3e868b4cc0..., userDataDir: C:\Users\Naresh\AppData\Loc...}, goog:chromeOptions: {debuggerAddress: localhost:54216}, javascriptEnabled: true, networkConnectionEnabled: false, pageLoadStrategy: normal, platform: WINDOWS, platformName: WINDOWS, proxy: Proxy(), setWindowRect: true, strictFileInteractability: false, timeouts: {implicit: 0, pageLoad: 300000, script: 30000}, unhandledPromptBehavior: dismiss and notify, webauthn:virtualAuthenticators: true}
Session ID: 5a25778bbb7cca914c06656ffd0b9188
*** Element info: {Using=xpath, value=//input[@value=&apos;es&apos;]}
	at org.openqa.selenium.remote.http.W3CHttpResponseCodec.createException(W3CHttpResponseCodec.java:187)
	at org.openqa.selenium.remote.http.W3CHttpResponseCodec.decode(W3CHttpResponseCodec.java:122)
	at org.openqa.selenium.remote.http.W3CHttpResponseCodec.decode(W3CHttpResponseCodec.java:49)
	at org.openqa.selenium.remote.HttpCommandExecutor.execute(HttpCommandExecutor.java:164)
	at org.openqa.selenium.remote.service.DriverCommandExecutor.execute(DriverCommandExecutor.java:83)
	at org.openqa.selenium.remote.RemoteWebDriver.execute(RemoteWebDriver.java:601)
	at org.openqa.selenium.remote.RemoteWebDriver.findElement(RemoteWebDriver.java:371)
	at org.openqa.selenium.remote.RemoteWebDriver.findElementByXPath(RemoteWebDriver.java:473)
	at org.openqa.selenium.By$ByXPath.findElement(By.java:353)
	at org.openqa.selenium.remote.RemoteWebDriver.findElement(RemoteWebDriver.java:363)
	at org.openqa.selenium.support.pagefactory.DefaultElementLocator.findElement(DefaultElementLocator.java:69)
	at org.openqa.selenium.support.pagefactory.internal.LocatingElementHandler.invoke(LocatingElementHandler.java:38)
	at com.sun.proxy.$Proxy22.isSelected(Unknown Source)
	at com.zyto.test.pages.Signup_Options_page.Change_Language(Signup_Options_page.java:97)
	at com.zyto.test.TestCases.Create_New_Account_Test.Click_On_Create_button(Create_New_Account_Test.java:92)
	at java.util.concurrent.ThreadPoolExecutor.runWorker(Unknown Source)
	at java.util.concurrent.ThreadPoolExecutor$Worker.run(Unknown Source)
	at java.lang.Thread.run(Unknown Source)
... Removed 14 stack frames</div></td></tr></table><p class="totop"><a href="#summary">back to summary</a></p>
</body>
</html>
