<!DOCTYPE html>

<html>
  <head>
  <meta charset='utf-8'>
  <title>TestNG reports</title>

    <link type="text/css" href="testng-reports.css" rel="stylesheet" />
    <script type="text/javascript" src="jquery-1.7.1.min.js"></script>
    <script type="text/javascript" src="testng-reports.js"></script>
    <script type="text/javascript" src="https://www.google.com/jsapi"></script>
    <script type='text/javascript'>
      google.load('visualization', '1', {packages:['table']});
      google.setOnLoadCallback(drawTable);
      var suiteTableInitFunctions = new Array();
      var suiteTableData = new Array();
    </script>
    <!--
      <script type="text/javascript" src="jquery-ui/js/jquery-ui-1.8.16.custom.min.js"></script>
     -->
  </head>

  <body>
    <div class="top-banner-root">
      <span class="top-banner-title-font">Test results</span>
      <br/>
      <span class="top-banner-font-1">1 suite, 2 failed tests</span>
    </div> <!-- top-banner-root -->
    <div class="navigator-root">
      <div class="navigator-suite-header">
        <span>All suites</span>
        <a href="#" class="collapse-all-link" title="Collapse/expand all the suites">
          <img class="collapse-all-icon" src="collapseall.gif">
          </img> <!-- collapse-all-icon -->
        </a> <!-- collapse-all-link -->
      </div> <!-- navigator-suite-header -->
      <div class="suite">
        <div class="rounded-window">
          <div class="suite-header light-rounded-window-top">
            <a href="#" class="navigator-link" panel-name="suite-ZYTO_AUTOMATION_PARALLEL_TEST_EXECUTION_SUITE">
              <span class="suite-name border-failed">ZYTO AUTOMATION PARALLEL TEST EXECUTION SUITE</span>
            </a> <!-- navigator-link -->
          </div> <!-- suite-header light-rounded-window-top -->
          <div class="navigator-suite-content">
            <div class="suite-section-title">
              <span>Info</span>
            </div> <!-- suite-section-title -->
            <div class="suite-section-content">
              <ul>
                <li>
                  <a href="#" class="navigator-link " panel-name="test-xml-ZYTO_AUTOMATION_PARALLEL_TEST_EXECUTION_SUITE">
                    <span>D:\Selenium and Java Labs\ZytoTestAutomation\ParallelTest.xml</span>
                  </a> <!-- navigator-link  -->
                </li>
                <li>
                  <a href="#" class="navigator-link " panel-name="testlist-ZYTO_AUTOMATION_PARALLEL_TEST_EXECUTION_SUITE">
                    <span class="test-stats">2 tests</span>
                  </a> <!-- navigator-link  -->
                </li>
                <li>
                  <a href="#" class="navigator-link " panel-name="group-ZYTO_AUTOMATION_PARALLEL_TEST_EXECUTION_SUITE">
                    <span>0 groups</span>
                  </a> <!-- navigator-link  -->
                </li>
                <li>
                  <a href="#" class="navigator-link " panel-name="times-ZYTO_AUTOMATION_PARALLEL_TEST_EXECUTION_SUITE">
                    <span>Times</span>
                  </a> <!-- navigator-link  -->
                </li>
                <li>
                  <a href="#" class="navigator-link " panel-name="reporter-ZYTO_AUTOMATION_PARALLEL_TEST_EXECUTION_SUITE">
                    <span>Reporter output</span>
                  </a> <!-- navigator-link  -->
                </li>
                <li>
                  <a href="#" class="navigator-link " panel-name="ignored-methods-ZYTO_AUTOMATION_PARALLEL_TEST_EXECUTION_SUITE">
                    <span>Ignored methods</span>
                  </a> <!-- navigator-link  -->
                </li>
                <li>
                  <a href="#" class="navigator-link " panel-name="chronological-ZYTO_AUTOMATION_PARALLEL_TEST_EXECUTION_SUITE">
                    <span>Chronological view</span>
                  </a> <!-- navigator-link  -->
                </li>
              </ul>
            </div> <!-- suite-section-content -->
            <div class="result-section">
              <div class="suite-section-title">
                <span>Results</span>
              </div> <!-- suite-section-title -->
              <div class="suite-section-content">
                <ul>
                  <li>
                    <span class="method-stats">2 methods, 2 failed,   </span>
                  </li>
                  <li>
                    <span class="method-list-title failed">Failed methods</span>
                    <span class="show-or-hide-methods failed">
                      <a href="#" panel-name="suite-ZYTO_AUTOMATION_PARALLEL_TEST_EXECUTION_SUITE" class="hide-methods failed suite-ZYTO_AUTOMATION_PARALLEL_TEST_EXECUTION_SUITE"> (hide)</a> <!-- hide-methods failed suite-ZYTO_AUTOMATION_PARALLEL_TEST_EXECUTION_SUITE -->
                      <a href="#" panel-name="suite-ZYTO_AUTOMATION_PARALLEL_TEST_EXECUTION_SUITE" class="show-methods failed suite-ZYTO_AUTOMATION_PARALLEL_TEST_EXECUTION_SUITE"> (show)</a> <!-- show-methods failed suite-ZYTO_AUTOMATION_PARALLEL_TEST_EXECUTION_SUITE -->
                    </span>
                    <div class="method-list-content failed suite-ZYTO_AUTOMATION_PARALLEL_TEST_EXECUTION_SUITE">
                      <span>
                        <img width="3%" src="failed.png"/>
                        <a href="#" class="method navigator-link" panel-name="suite-ZYTO_AUTOMATION_PARALLEL_TEST_EXECUTION_SUITE" title="com.zyto.test.TestCases.Create_New_Account_Test" hash-for-method="Click_On_Create_button">Click_On_Create_button</a> <!-- method navigator-link -->
                      </span>
                      <br/>
                      <span>
                        <img width="3%" src="failed.png"/>
                        <a href="#" class="method navigator-link" panel-name="suite-ZYTO_AUTOMATION_PARALLEL_TEST_EXECUTION_SUITE" title="com.zyto.test.TestCases.Create_New_Account_Test" hash-for-method="Click_On_Create_button">Click_On_Create_button</a> <!-- method navigator-link -->
                      </span>
                      <br/>
                    </div> <!-- method-list-content failed suite-ZYTO_AUTOMATION_PARALLEL_TEST_EXECUTION_SUITE -->
                  </li>
                </ul>
              </div> <!-- suite-section-content -->
            </div> <!-- result-section -->
          </div> <!-- navigator-suite-content -->
        </div> <!-- rounded-window -->
      </div> <!-- suite -->
    </div> <!-- navigator-root -->
    <div class="wrapper">
      <div class="main-panel-root">
        <div panel-name="suite-ZYTO_AUTOMATION_PARALLEL_TEST_EXECUTION_SUITE" class="panel ZYTO_AUTOMATION_PARALLEL_TEST_EXECUTION_SUITE">
          <div class="suite-ZYTO_AUTOMATION_PARALLEL_TEST_EXECUTION_SUITE-class-failed">
            <div class="main-panel-header rounded-window-top">
              <img src="failed.png"/>
              <span class="class-name">com.zyto.test.TestCases.Create_New_Account_Test</span>
            </div> <!-- main-panel-header rounded-window-top -->
            <div class="main-panel-content rounded-window-bottom">
              <div class="method">
                <div class="method-content">
                  <a name="Click_On_Create_button">
                  </a> <!-- Click_On_Create_button -->
                  <span class="method-name">Click_On_Create_button</span>
                  <div class="stack-trace">org.openqa.selenium.NoSuchElementException: no such element: Unable to locate element: {&quot;method&quot;:&quot;xpath&quot;,&quot;selector&quot;:&quot;//input[@value=&apos;es&apos;]&quot;}
  (Session info: chrome=84.0.4147.105)
For documentation on this error, please visit: http://seleniumhq.org/exceptions/no_such_element.html
Build info: version: &apos;3.14.0&apos;, revision: &apos;aacccce0&apos;, time: &apos;2018-08-02T20:19:58.91Z&apos;
System info: host: &apos;LAPTOP-QBC6F12R&apos;, ip: &apos;192.168.1.104&apos;, os.name: &apos;Windows 10&apos;, os.arch: &apos;amd64&apos;, os.version: &apos;10.0&apos;, java.version: &apos;1.8.0_172&apos;
Driver info: org.openqa.selenium.chrome.ChromeDriver
Capabilities {acceptInsecureCerts: false, browserName: chrome, browserVersion: 84.0.4147.105, chrome: {chromedriverVersion: 84.0.4147.30 (48b3e868b4cc0..., userDataDir: C:\Users\Naresh\AppData\Loc...}, goog:chromeOptions: {debuggerAddress: localhost:54042}, javascriptEnabled: true, networkConnectionEnabled: false, pageLoadStrategy: normal, platform: WINDOWS, platformName: WINDOWS, proxy: Proxy(), setWindowRect: true, strictFileInteractability: false, timeouts: {implicit: 0, pageLoad: 300000, script: 30000}, unhandledPromptBehavior: dismiss and notify, webauthn:virtualAuthenticators: true}
Session ID: d8102dbbc0afca1cdd4b71af2a8793b1
*** Element info: {Using=xpath, value=//input[@value=&apos;es&apos;]}
	at org.openqa.selenium.remote.http.W3CHttpResponseCodec.createException(W3CHttpResponseCodec.java:187)
	at org.openqa.selenium.remote.http.W3CHttpResponseCodec.decode(W3CHttpResponseCodec.java:122)
	at org.openqa.selenium.remote.http.W3CHttpResponseCodec.decode(W3CHttpResponseCodec.java:49)
	at org.openqa.selenium.remote.HttpCommandExecutor.execute(HttpCommandExecutor.java:164)
	at org.openqa.selenium.remote.service.DriverCommandExecutor.execute(DriverCommandExecutor.java:83)
	at org.openqa.selenium.remote.RemoteWebDriver.execute(RemoteWebDriver.java:601)
	at org.openqa.selenium.remote.RemoteWebDriver.findElement(RemoteWebDriver.java:371)
	at org.openqa.selenium.remote.RemoteWebDriver.findElementByXPath(RemoteWebDriver.java:473)
	at org.openqa.selenium.By$ByXPath.findElement(By.java:353)
	at org.openqa.selenium.remote.RemoteWebDriver.findElement(RemoteWebDriver.java:363)
	at org.openqa.selenium.support.pagefactory.DefaultElementLocator.findElement(DefaultElementLocator.java:69)
	at org.openqa.selenium.support.pagefactory.internal.LocatingElementHandler.invoke(LocatingElementHandler.java:38)
	at com.sun.proxy.$Proxy22.isSelected(Unknown Source)
	at com.zyto.test.pages.Signup_Options_page.Change_Language(Signup_Options_page.java:97)
	at com.zyto.test.TestCases.Create_New_Account_Test.Click_On_Create_button(Create_New_Account_Test.java:92)
	at java.util.concurrent.ThreadPoolExecutor.runWorker(Unknown Source)
	at java.util.concurrent.ThreadPoolExecutor$Worker.run(Unknown Source)
	at java.lang.Thread.run(Unknown Source)
... Removed 14 stack frames
</div> <!-- stack-trace -->
                </div> <!-- method-content -->
              </div> <!-- method -->
              <div class="method">
                <div class="method-content">
                  <a name="Click_On_Create_button">
                  </a> <!-- Click_On_Create_button -->
                  <span class="method-name">Click_On_Create_button</span>
                  <div class="stack-trace">org.openqa.selenium.NoSuchElementException: no such element: Unable to locate element: {&quot;method&quot;:&quot;xpath&quot;,&quot;selector&quot;:&quot;//input[@value=&apos;es&apos;]&quot;}
  (Session info: chrome=84.0.4147.105)
For documentation on this error, please visit: http://seleniumhq.org/exceptions/no_such_element.html
Build info: version: &apos;3.14.0&apos;, revision: &apos;aacccce0&apos;, time: &apos;2018-08-02T20:19:58.91Z&apos;
System info: host: &apos;LAPTOP-QBC6F12R&apos;, ip: &apos;192.168.1.104&apos;, os.name: &apos;Windows 10&apos;, os.arch: &apos;amd64&apos;, os.version: &apos;10.0&apos;, java.version: &apos;1.8.0_172&apos;
Driver info: org.openqa.selenium.chrome.ChromeDriver
Capabilities {acceptInsecureCerts: false, browserName: chrome, browserVersion: 84.0.4147.105, chrome: {chromedriverVersion: 84.0.4147.30 (48b3e868b4cc0..., userDataDir: C:\Users\Naresh\AppData\Loc...}, goog:chromeOptions: {debuggerAddress: localhost:54216}, javascriptEnabled: true, networkConnectionEnabled: false, pageLoadStrategy: normal, platform: WINDOWS, platformName: WINDOWS, proxy: Proxy(), setWindowRect: true, strictFileInteractability: false, timeouts: {implicit: 0, pageLoad: 300000, script: 30000}, unhandledPromptBehavior: dismiss and notify, webauthn:virtualAuthenticators: true}
Session ID: 5a25778bbb7cca914c06656ffd0b9188
*** Element info: {Using=xpath, value=//input[@value=&apos;es&apos;]}
	at org.openqa.selenium.remote.http.W3CHttpResponseCodec.createException(W3CHttpResponseCodec.java:187)
	at org.openqa.selenium.remote.http.W3CHttpResponseCodec.decode(W3CHttpResponseCodec.java:122)
	at org.openqa.selenium.remote.http.W3CHttpResponseCodec.decode(W3CHttpResponseCodec.java:49)
	at org.openqa.selenium.remote.HttpCommandExecutor.execute(HttpCommandExecutor.java:164)
	at org.openqa.selenium.remote.service.DriverCommandExecutor.execute(DriverCommandExecutor.java:83)
	at org.openqa.selenium.remote.RemoteWebDriver.execute(RemoteWebDriver.java:601)
	at org.openqa.selenium.remote.RemoteWebDriver.findElement(RemoteWebDriver.java:371)
	at org.openqa.selenium.remote.RemoteWebDriver.findElementByXPath(RemoteWebDriver.java:473)
	at org.openqa.selenium.By$ByXPath.findElement(By.java:353)
	at org.openqa.selenium.remote.RemoteWebDriver.findElement(RemoteWebDriver.java:363)
	at org.openqa.selenium.support.pagefactory.DefaultElementLocator.findElement(DefaultElementLocator.java:69)
	at org.openqa.selenium.support.pagefactory.internal.LocatingElementHandler.invoke(LocatingElementHandler.java:38)
	at com.sun.proxy.$Proxy22.isSelected(Unknown Source)
	at com.zyto.test.pages.Signup_Options_page.Change_Language(Signup_Options_page.java:97)
	at com.zyto.test.TestCases.Create_New_Account_Test.Click_On_Create_button(Create_New_Account_Test.java:92)
	at java.util.concurrent.ThreadPoolExecutor.runWorker(Unknown Source)
	at java.util.concurrent.ThreadPoolExecutor$Worker.run(Unknown Source)
	at java.lang.Thread.run(Unknown Source)
... Removed 14 stack frames
</div> <!-- stack-trace -->
                </div> <!-- method-content -->
              </div> <!-- method -->
            </div> <!-- main-panel-content rounded-window-bottom -->
          </div> <!-- suite-ZYTO_AUTOMATION_PARALLEL_TEST_EXECUTION_SUITE-class-failed -->
        </div> <!-- panel ZYTO_AUTOMATION_PARALLEL_TEST_EXECUTION_SUITE -->
        <div panel-name="test-xml-ZYTO_AUTOMATION_PARALLEL_TEST_EXECUTION_SUITE" class="panel">
          <div class="main-panel-header rounded-window-top">
            <span class="header-content">D:\Selenium and Java Labs\ZytoTestAutomation\ParallelTest.xml</span>
          </div> <!-- main-panel-header rounded-window-top -->
          <div class="main-panel-content rounded-window-bottom">
            <pre>
&lt;?xml version=&quot;1.0&quot; encoding=&quot;UTF-8&quot;?&gt;
&lt;!DOCTYPE suite SYSTEM &quot;http://testng.org/testng-1.0.dtd&quot;&gt;
&lt;suite thread-count=&quot;2&quot; name=&quot;ZYTO AUTOMATION PARALLEL TEST EXECUTION SUITE&quot; parallel=&quot;methods&quot;&gt;
  &lt;listeners&gt;
    &lt;listener class-name=&quot;com.zyto.test.ReportListeners.ExtentReportListener&quot;/&gt;
    &lt;listener class-name=&quot;com.zyto.test.ReportListeners.AllureReports&quot;/&gt;
    &lt;listener class-name=&quot;com.zyto.test.ReportListeners.ScreenshotListener&quot;/&gt;
  &lt;/listeners&gt;
  &lt;test thread-count=&quot;2&quot; name=&quot;Zyto Automation  Parallel Test Execution -- chrome&quot; parallel=&quot;methods&quot;&gt;
    &lt;parameter name=&quot;browser&quot; value=&quot;chrome&quot;/&gt;
    &lt;classes&gt;
      &lt;class name=&quot;com.zyto.test.base.ZytoBaseTest&quot;/&gt;
      &lt;class name=&quot;com.zyto.test.TestCases.Create_New_Account_Test&quot;/&gt;
    &lt;/classes&gt;
  &lt;/test&gt; &lt;!-- Zyto Automation  Parallel Test Execution - chrome --&gt;
  &lt;test thread-count=&quot;2&quot; name=&quot;Zyto Automation  Parallel Test Execution -- Firefox&quot; parallel=&quot;methods&quot;&gt;
    &lt;parameter name=&quot;browser&quot; value=&quot;firefox&quot;/&gt;
    &lt;classes&gt;
      &lt;class name=&quot;com.zyto.test.base.ZytoBaseTest&quot;/&gt;
      &lt;class name=&quot;com.zyto.test.TestCases.Create_New_Account_Test&quot;/&gt;
    &lt;/classes&gt;
  &lt;/test&gt; &lt;!-- Zyto Automation  Parallel Test Execution - Firefox --&gt;
&lt;/suite&gt; &lt;!-- ZYTO AUTOMATION PARALLEL TEST EXECUTION SUITE --&gt;
            </pre>
          </div> <!-- main-panel-content rounded-window-bottom -->
        </div> <!-- panel -->
        <div panel-name="testlist-ZYTO_AUTOMATION_PARALLEL_TEST_EXECUTION_SUITE" class="panel">
          <div class="main-panel-header rounded-window-top">
            <span class="header-content">Tests for ZYTO AUTOMATION PARALLEL TEST EXECUTION SUITE</span>
          </div> <!-- main-panel-header rounded-window-top -->
          <div class="main-panel-content rounded-window-bottom">
            <ul>
              <li>
                <span class="test-name">Zyto Automation  Parallel Test Execution -- chrome (2 classes)</span>
              </li>
              <li>
                <span class="test-name">Zyto Automation  Parallel Test Execution -- Firefox (2 classes)</span>
              </li>
            </ul>
          </div> <!-- main-panel-content rounded-window-bottom -->
        </div> <!-- panel -->
        <div panel-name="group-ZYTO_AUTOMATION_PARALLEL_TEST_EXECUTION_SUITE" class="panel">
          <div class="main-panel-header rounded-window-top">
            <span class="header-content">Groups for ZYTO AUTOMATION PARALLEL TEST EXECUTION SUITE</span>
          </div> <!-- main-panel-header rounded-window-top -->
          <div class="main-panel-content rounded-window-bottom">
          </div> <!-- main-panel-content rounded-window-bottom -->
        </div> <!-- panel -->
        <div panel-name="times-ZYTO_AUTOMATION_PARALLEL_TEST_EXECUTION_SUITE" class="panel">
          <div class="main-panel-header rounded-window-top">
            <span class="header-content">Times for ZYTO AUTOMATION PARALLEL TEST EXECUTION SUITE</span>
          </div> <!-- main-panel-header rounded-window-top -->
          <div class="main-panel-content rounded-window-bottom">
            <div class="times-div">
              <script type="text/javascript">
suiteTableInitFunctions.push('tableData_ZYTO_AUTOMATION_PARALLEL_TEST_EXECUTION_SUITE');
function tableData_ZYTO_AUTOMATION_PARALLEL_TEST_EXECUTION_SUITE() {
var data = new google.visualization.DataTable();
data.addColumn('number', 'Number');
data.addColumn('string', 'Method');
data.addColumn('string', 'Class');
data.addColumn('number', 'Time (ms)');
data.addRows(2);
data.setCell(0, 0, 0)
data.setCell(0, 1, 'Click_On_Create_button')
data.setCell(0, 2, 'com.zyto.test.TestCases.Create_New_Account_Test')
data.setCell(0, 3, 29506);
data.setCell(1, 0, 1)
data.setCell(1, 1, 'Click_On_Create_button')
data.setCell(1, 2, 'com.zyto.test.TestCases.Create_New_Account_Test')
data.setCell(1, 3, 29421);
window.suiteTableData['ZYTO_AUTOMATION_PARALLEL_TEST_EXECUTION_SUITE']= { tableData: data, tableDiv: 'times-div-ZYTO_AUTOMATION_PARALLEL_TEST_EXECUTION_SUITE'}
return data;
}
              </script>
              <span class="suite-total-time">Total running time: 58 seconds</span>
              <div id="times-div-ZYTO_AUTOMATION_PARALLEL_TEST_EXECUTION_SUITE">
              </div> <!-- times-div-ZYTO_AUTOMATION_PARALLEL_TEST_EXECUTION_SUITE -->
            </div> <!-- times-div -->
          </div> <!-- main-panel-content rounded-window-bottom -->
        </div> <!-- panel -->
        <div panel-name="reporter-ZYTO_AUTOMATION_PARALLEL_TEST_EXECUTION_SUITE" class="panel">
          <div class="main-panel-header rounded-window-top">
            <span class="header-content">Reporter output for ZYTO AUTOMATION PARALLEL TEST EXECUTION SUITE</span>
          </div> <!-- main-panel-header rounded-window-top -->
          <div class="main-panel-content rounded-window-bottom">
            <div class="reporter-method-div">
              <span class="reporter-method-name">Click_On_Create_button</span>
              <div class="reporter-method-output-div">
                <span class="reporter-method-output"><a href='D:\Selenium and Java Labs\ZytoTestAutomation\target\surefire-reports\failure_screenshots\Click_On_Create_button_04_08_2020_01_28_05.png'> <img src='D:\Selenium and Java Labs\ZytoTestAutomation\target\surefire-reports\failure_screenshots\Click_On_Create_button_04_08_2020_01_28_05.png' height='100' width='100'/> </a></span>
              </div> <!-- reporter-method-output-div -->
            </div> <!-- reporter-method-div -->
            <div class="reporter-method-div">
              <span class="reporter-method-name">Click_On_Create_button</span>
              <div class="reporter-method-output-div">
                <span class="reporter-method-output"><a href='D:\Selenium and Java Labs\ZytoTestAutomation\target\surefire-reports\failure_screenshots\Click_On_Create_button_04_08_2020_01_29_15.png'> <img src='D:\Selenium and Java Labs\ZytoTestAutomation\target\surefire-reports\failure_screenshots\Click_On_Create_button_04_08_2020_01_29_15.png' height='100' width='100'/> </a></span>
              </div> <!-- reporter-method-output-div -->
            </div> <!-- reporter-method-div -->
          </div> <!-- main-panel-content rounded-window-bottom -->
        </div> <!-- panel -->
        <div panel-name="ignored-methods-ZYTO_AUTOMATION_PARALLEL_TEST_EXECUTION_SUITE" class="panel">
          <div class="main-panel-header rounded-window-top">
            <span class="header-content">0 ignored methods</span>
          </div> <!-- main-panel-header rounded-window-top -->
          <div class="main-panel-content rounded-window-bottom">
          </div> <!-- main-panel-content rounded-window-bottom -->
        </div> <!-- panel -->
        <div panel-name="chronological-ZYTO_AUTOMATION_PARALLEL_TEST_EXECUTION_SUITE" class="panel">
          <div class="main-panel-header rounded-window-top">
            <span class="header-content">Methods in chronological order</span>
          </div> <!-- main-panel-header rounded-window-top -->
          <div class="main-panel-content rounded-window-bottom">
            <div class="chronological-class">
              <div class="chronological-class-name">com.zyto.test.base.ZytoBaseTest</div> <!-- chronological-class-name -->
              <div class="configuration-test before">
                <img src="failed.png">
                </img>
                <span class="method-name">setUp(chrome)</span>
                <span class="method-start">0 ms</span>
              </div> <!-- configuration-test before -->
            </div> <!-- chronological-class -->
            <div class="chronological-class">
              <div class="chronological-class-name">com.zyto.test.TestCases.Create_New_Account_Test</div> <!-- chronological-class-name -->
              <div class="configuration-method before">
                <span class="method-name">SetUp</span>
                <span class="method-start">12620 ms</span>
              </div> <!-- configuration-method before -->
              <div class="test-method">
                <img src="failed.png">
                </img>
                <span class="method-name">Click_On_Create_button</span>
                <span class="method-start">37461 ms</span>
              </div> <!-- test-method -->
              <div class="configuration-test after">
                <span class="method-name">EndTest</span>
                <span class="method-start">68027 ms</span>
              </div> <!-- configuration-test after -->
            </div> <!-- chronological-class -->
            <div class="chronological-class">
              <div class="chronological-class-name">com.zyto.test.base.ZytoBaseTest</div> <!-- chronological-class-name -->
              <div class="configuration-test before">
                <img src="failed.png">
                </img>
                <span class="method-name">setUp(firefox)</span>
                <span class="method-start">68990 ms</span>
              </div> <!-- configuration-test before -->
            </div> <!-- chronological-class -->
            <div class="chronological-class">
              <div class="chronological-class-name">com.zyto.test.TestCases.Create_New_Account_Test</div> <!-- chronological-class-name -->
              <div class="configuration-method before">
                <span class="method-name">SetUp</span>
                <span class="method-start">83536 ms</span>
              </div> <!-- configuration-method before -->
              <div class="test-method">
                <img src="failed.png">
                </img>
                <span class="method-name">Click_On_Create_button</span>
                <span class="method-start">107417 ms</span>
              </div> <!-- test-method -->
              <div class="configuration-test after">
                <span class="method-name">EndTest</span>
                <span class="method-start">138104 ms</span>
              </div> <!-- configuration-test after -->
          </div> <!-- main-panel-content rounded-window-bottom -->
        </div> <!-- panel -->
      </div> <!-- main-panel-root -->
    </div> <!-- wrapper -->
  </body>
</html>
